13146.993	lash	137
13148.517	lash	138
13149.067	lawnmower	139
13151.641	Did you read the word LAWNMOWER?	140
13154.730	Response	143
13159.096	mayor	137
13159.956	mayor	138
13160.501	gorilla	139
13163.059	Did you read the word CHAIR?	141
13166.201	Response	143
13170.565	mill	137
13172.089	mill	138
13172.638	mill	139
13175.195	Did you read the word MILL?	140
13177.369	Response	142
13207.130	branch	134
13208.160	branch	135
13208.697	owl	136
13211.583	pope	134
13212.514	pope	135
13213.059	violin	136
13215.967	coat	134
13217.491	coat	135
13218.040	bonnet	136
13220.934	window	134
13221.881	window	135
13222.420	window	130
13225.310	chili	134
13226.148	chili	135
13226.685	bone	132
13229.576	circus	134
13230.653	circus	135
13231.197	bean	136
13234.095	crow	134
13235.618	crow	135
13236.161	hound	132
13239.060	wheel	134
13240.583	wheel	135
13241.126	dentist	132
13244.051	plant	134
13245.575	plant	135
13246.125	tomato	136
13249.008	band	134
13250.531	band	135
13251.073	plank	132
13253.962	man	134
13255.486	man	135
13256.022	tofu	132
13258.915	spruce	134
13259.976	spruce	135
13260.518	bag	136
13263.406	junk	134
13264.315	junk	135
13264.864	glue	136
13267.768	furnace	134
13268.795	furnace	135
13269.344	park	132
13272.236	pie	134
13273.086	pie	135
13273.624	flagpole	136
13276.198	Did you just see the word: flagpole?\n\n YES             NO	146
13280.967	Response	142
13281.329	bear	134
13282.853	bear	135
13283.403	stadium	132
13286.298	salad	134
13287.275	salad	135
13287.816	comb	132
13290.708	mint	134
13291.648	mint	135
13292.196	breadstick	136
13295.084	cape	134
13295.963	cape	135
13296.509	balloon	136
13299.398	butter	134
13300.193	butter	135
13300.738	butter	130
13303.629	key	134
13304.431	key	135
13304.969	hourglass	136
13307.856	waterfall	134
13308.928	waterfall	135
13309.481	waterfall	130
13312.377	jellybean	134
13313.448	jellybean	135
13313.995	jellybean	130
13316.887	caviar	134
13317.909	caviar	135
13318.458	magnet	132
13321.373	grass	134
13322.346	grass	135
13322.888	grass	130
13325.781	beach	134
13326.677	beach	135
13327.218	mustache	136
13330.117	bottle	134
13331.000	bottle	135
13331.547	bottle	130
13334.450	mascara	134
13335.390	mascara	135
13335.944	silk	132
13338.831	olive	134
13339.626	olive	135
13340.173	scarf	136
13343.064	mousetrap	134
13344.112	mousetrap	135
13344.653	mousetrap	130
13347.228	Did you just see the word: cherry?\n\n YES             NO	147
13350.646	Response	143
13350.993	film	134
13351.911	film	135
13352.460	iceberg	132
13355.352	puzzle	134
13356.046	puzzle	135
13356.589	rat	136
13359.479	mailbox	134
13360.730	mailbox	135
13361.270	mailbox	130
13364.163	cherry	134
13365.050	cherry	135
13365.599	cherry	130
13368.490	birdhouse	134
13369.690	birdhouse	135
13370.230	birdhouse	130
13373.126	ladybug	134
13374.114	ladybug	135
13374.660	ladybug	130
13377.558	cashew	134
13378.674	cashew	135
13379.224	lifejacket	136
13382.119	toolbox	134
13383.285	toolbox	135
13383.837	toolbox	130
13386.735	patch	134
13387.762	patch	135
13388.301	tuba	136
13391.200	cake	134
13392.723	cake	135
13393.266	pail	132
13396.163	nature	134
13397.050	nature	135
13397.595	packet	132
13400.503	orchid	134
13401.233	orchid	135
13401.774	hut	132
13404.660	rose	134
13405.749	rose	135
13406.305	cannon	136
13409.195	crab	134
13410.071	crab	135
13410.618	screw	132
13413.522	tack	134
13415.046	tack	135
13415.583	fingerprint	136
13418.157	Did you just see the word: fingerprint?\n\n YES             NO	146
13421.509	Response	142
13421.863	seeds	134
13422.936	seeds	135
13423.490	wood	136
13426.370	mug	134
13427.191	mug	135
13427.736	mug	130
13430.626	tape	134
13431.397	tape	135
13431.948	tape	130
13434.832	cheese	134
13435.903	cheese	135
13436.445	cheese	130
13439.331	mob	134
13440.313	mob	135
13440.858	watermelon	136
13443.753	pilgrim	134
13444.574	pilgrim	135
13445.121	cube	132
13448.023	garbage	134
13449.212	garbage	135
13449.752	galaxy	132
13452.650	peach	134
13453.609	peach	135
13454.148	clothesline	136
13457.033	fish	134
13457.980	fish	135
13458.528	fish	130
13461.429	shell	134
13462.952	shell	135
13463.493	lobster	136
13466.379	ring	134
13467.200	ring	135
13467.739	ring	130
13470.637	skate	134
13472.160	skate	135
13472.704	notebook	136
13475.612	sardine	134
13476.678	sardine	135
13477.219	mirror	136
13480.121	clam	134
13481.066	clam	135
13481.614	bicycle	132
13484.511	school	134
13485.415	school	135
13485.960	fossil	136
13488.534	Did you just see the word: fossil?\n\n YES             NO	146
13490.340	Response	142
13490.710	worm	134
13491.624	worm	135
13492.179	worm	130
13495.095	apron	134
13496.194	apron	135
13496.745	apron	130
13499.648	possum	134
13500.555	possum	135
13501.106	code	132
13504.001	beetle	134
13504.723	beetle	135
13505.268	cow	136
13508.150	vase	134
13509.378	vase	135
13509.932	vase	130
13512.821	tattoo	134
13513.897	tattoo	135
13514.445	suitcase	136
13517.340	frisbee	134
13518.262	frisbee	135
13518.809	frisbee	130
13521.700	pyramid	134
13522.646	pyramid	135
13523.188	helicopter	132
13526.095	diner	134
13527.619	diner	135
13528.154	river	132
13531.048	sandwich	134
13532.263	sandwich	135
13532.801	firetruck	136
13535.705	bird	134
13537.228	bird	135
13537.765	tissue	132
13540.656	buckle	134
13541.436	buckle	135
13541.978	plate	132
13544.886	panda	134
13545.681	panda	135
13546.224	panda	130
13549.122	zoo	134
13550.003	zoo	135
13550.554	farmer	132
13553.471	detective	134
13554.413	detective	135
13554.950	blackberry	136
13557.525	Did you just see the word: desk?\n\n YES             NO	147
13560.979	Response	143
13561.321	stereo	134
13562.388	stereo	135
13562.941	fireplace	136
13565.833	costume	134
13566.812	costume	135
13567.354	mitten	136
13570.245	belt	134
13571.091	belt	135
13571.634	belt	130
13574.521	sauce	134
13575.606	sauce	135
13576.147	hammock	136
13579.036	raincoat	134
13579.982	raincoat	135
13580.527	raincoat	130
13583.429	trap	134
13584.952	trap	135
13585.492	cradle	132
13588.385	syrup	134
13589.382	syrup	135
13589.922	wrench	132
13592.823	swordfish	134
13594.020	swordfish	135
13594.569	swordfish	130
13597.460	sled	134
13598.424	sled	135
13598.965	clip	132
13601.867	nest	134
13602.868	nest	135
13603.412	ant	136
13606.303	onion	134
13607.123	onion	135
13607.660	onion	130
13610.547	cup	134
13611.440	cup	135
13611.988	stove	132
13614.884	tablecloth	134
13615.982	tablecloth	135
13616.520	tablecloth	130
13619.433	fortress	134
13620.568	fortress	135
13621.115	eggroll	136
13624.013	wax	134
13625.083	wax	135
13625.629	axe	132
13628.203	Did you just see the word: racecar?\n\n YES             NO	147
13631.138	Response	143
13631.476	barrel	134
13632.376	barrel	135
13632.917	ham	136
13635.831	bog	134
13636.742	bog	135
13637.281	tie	136
13640.176	vacuum	134
13641.108	vacuum	135
13641.644	lipstick	136
13644.551	rope	134
13646.074	rope	135
13646.625	lace	132
13649.532	ribbon	134
13650.510	ribbon	135
13651.055	ribbon	130
13653.942	cloud	134
13654.888	cloud	135
13655.435	cloud	130
13658.328	squirrel	134
13659.276	squirrel	135
13659.815	squirrel	130
13662.706	scarecrow	134
13664.058	scarecrow	135
13664.612	scarecrow	130
13667.511	braid	134
13668.354	braid	135
13668.892	tunnel	132
13671.792	bread	134
13673.315	bread	135
13673.857	hog	132
13676.748	bat	134
13677.442	bat	135
13677.986	boat	132
13680.878	brunch	134
13681.923	brunch	135
13682.466	dollhouse	136
13685.338	mayor	134
13686.199	mayor	135
13686.745	soup	136
13689.642	puppet	134
13690.383	puppet	135
13690.924	cardinal	136
13693.814	arena	134
13694.697	arena	135
13695.239	cloth	132
13697.812	Did you just see the word: attic?\n\n YES             NO	147
13701.968	Response	143
13702.311	check	134
13703.194	check	135
13703.746	barn	132
13706.641	zebra	134
13707.461	zebra	135
13708.009	lasagna	136
13710.894	chemical	134
13711.773	chemical	135
13712.322	vanilla	132
13715.219	domino	134
13716.103	domino	135
13716.652	domino	130
13719.542	mist	134
13720.591	mist	135
13721.132	fork	132
13724.024	raccoon	134
13725.047	raccoon	135
13725.595	raccoon	130
13728.488	snowball	134
13729.591	snowball	135
13730.142	snowball	130
13733.031	ladder	134
13733.851	ladder	135
13734.388	ladder	130
13737.289	clock	134
13738.235	clock	135
13738.785	highchair	136
13741.682	garlic	134
13742.528	garlic	135
13743.081	garlic	130
13745.985	corn	134
13747.509	corn	135
13748.046	jungle	132
13750.935	jam	134
13751.742	jam	135
13752.292	sandpaper	136
13755.181	parrot	134
13756.078	parrot	135
13756.621	miner	132
13759.514	surfboard	134
13760.774	surfboard	135
13761.319	surfboard	130
13764.211	shower	134
13765.108	shower	135
13765.648	shower	130
13768.223	Did you just see the word: shower?\n\n YES             NO	146
13771.327	Response	142
13771.669	bowtie	134
13772.515	bowtie	135
13773.055	bowtie	130
13775.942	pedal	134
13776.662	pedal	135
13777.200	pedal	130
13780.087	lollipop	134
13781.346	lollipop	135
13781.897	lollipop	130
13784.791	siren	134
13785.725	siren	135
13786.277	package	132
13789.183	license	134
13790.390	license	135
13790.941	poster	136
13793.838	pole	134
13795.363	pole	135
13795.906	blade	132
13798.815	groundhog	134
13799.980	groundhog	135
13800.520	groundhog	130
13803.437	pan	134
13804.961	pan	135
13805.501	wonton	132
13808.390	ostrich	134
13809.514	ostrich	135
13810.065	ostrich	130
13812.958	beaver	134
13813.753	beaver	135
13814.294	calendar	132
13817.204	bug	134
13818.727	bug	135
13819.276	eclipse	132
13822.164	scale	134
13823.120	scale	135
13823.672	hero	132
13826.567	cabbage	134
13827.630	cabbage	135
13828.169	handlebar	136
13831.057	hall	134
13831.892	hall	135
13832.432	chick	136
13835.319	puddle	134
13836.139	puddle	135
13836.678	puddle	130
13839.252	Did you just see the word: cookie?\n\n YES             NO	147
13842.878	Response	143
13843.216	omelet	134
13844.261	omelet	135
13844.802	omelet	130
13847.693	flashlight	134
13848.716	flashlight	135
13849.266	flashlight	130
13852.171	spoon	134
13853.400	spoon	135
13853.946	spoon	130
13856.835	crystal	134
13857.714	crystal	135
13858.259	library	132
13861.156	pancake	134
13862.179	pancake	135
13862.723	pancake	130
13865.632	cove	134
13866.494	cove	135
13867.036	bark	136
13869.928	lantern	134
13870.889	lantern	135
13871.432	plastic	132
13874.348	light	134
13875.871	light	135
13876.414	pear	136
13879.321	book	134
13880.845	book	135
13881.395	chess	132
13884.297	shark	134
13885.245	shark	135
13885.792	donkey	136
13888.680	dashboard	134
13889.757	dashboard	135
13890.305	lamppost	136
13893.195	line	134
13894.192	line	135
13894.735	pond	132
13897.643	sandbox	134
13898.997	sandbox	135
13899.534	sandbox	130
13902.420	goose	134
13903.266	goose	135
13903.812	goose	130
13906.703	hay	134
13907.495	hay	135
13908.042	cuff	132
13910.616	Did you just see the word: cuff?\n\n YES             NO	146
13916.253	Response	142
