12170.716	lash	137
12172.418	lash	138
12172.958	lawnmower	139
12172.995	ProductionTrigger	131
12180.141	mayor	137
12181.001	mayor	138
12181.551	gorilla	139
12181.587	ProductionTrigger	131
12188.755	mill	137
12190.279	mill	138
12190.828	snowman	139
12190.865	ProductionTrigger	131
12249.112	organ	134
12249.885	organ	135
12250.424	organ	130
12250.461	ProductionTrigger	131
12253.589	rail	134
12255.112	rail	135
12255.656	sandal	136
12255.693	ProductionTrigger	131
12258.747	swing	134
12259.719	swing	135
12260.270	swing	130
12260.306	ProductionTrigger	131
12263.514	hair	134
12264.393	hair	135
12264.934	saw	132
12264.970	ProductionTrigger	131
12268.020	jazz	134
12269.065	jazz	135
12269.615	sheep	136
12269.651	ProductionTrigger	131
12273.019	curry	134
12273.761	curry	135
12274.312	glass	132
12274.349	ProductionTrigger	131
12277.394	token	134
12278.174	token	135
12278.725	wallpaper	136
12278.762	ProductionTrigger	131
12281.946	mole	134
12282.727	mole	135
12283.272	bed	132
12283.309	ProductionTrigger	131
12286.675	case	134
12288.198	case	135
12288.739	paper	132
12288.775	ProductionTrigger	131
12291.849	tornado	134
12292.806	tornado	135
12293.352	trolley	136
12293.389	ProductionTrigger	131
12296.815	octopus	134
12298.072	octopus	135
12298.618	octopus	130
12298.655	ProductionTrigger	131
12301.693	starfish	134
12302.919	starfish	135
12303.466	starfish	130
12303.503	ProductionTrigger	131
12306.853	fridge	134
12307.892	fridge	135
12308.432	bowl	132
12308.468	ProductionTrigger	131
12311.908	hose	134
12312.936	hose	135
12313.479	hose	130
12313.516	ProductionTrigger	131
12317.393	hiker	134
12318.189	hiker	135
12318.728	windmill	136
12318.765	ProductionTrigger	131
12321.787	arrow	134
12322.637	arrow	135
12323.175	medal	132
12323.212	ProductionTrigger	131
12326.580	injury	134
12327.444	injury	135
12327.990	sheet	132
12328.026	ProductionTrigger	131
12331.046	cave	134
12331.915	cave	135
12332.470	spiderweb	136
12332.506	ProductionTrigger	131
12335.827	elevator	134
12336.785	elevator	135
12337.334	tag	132
12337.371	ProductionTrigger	131
12340.765	sneaker	134
12341.710	sneaker	135
12342.249	broom	132
12342.287	ProductionTrigger	131
12345.339	prisoner	134
12346.214	prisoner	135
12346.762	blowtorch	136
12346.799	ProductionTrigger	131
12349.942	harbor	134
12350.765	harbor	135
12351.309	train	136
12351.346	ProductionTrigger	131
12354.445	cone	134
12355.969	cone	135
12356.508	dustpan	136
12356.545	ProductionTrigger	131
12359.592	lion	134
12360.535	lion	135
12361.072	lion	130
12361.109	ProductionTrigger	131
12364.131	waffle	134
12364.991	waffle	135
12365.535	waffle	130
12365.572	ProductionTrigger	131
12368.679	curtain	134
12369.567	curtain	135
12370.116	curtain	130
12370.152	ProductionTrigger	131
12373.305	rake	134
12374.181	rake	135
12374.730	tent	136
12374.766	ProductionTrigger	131
12377.811	clothespin	134
12378.896	clothespin	135
12379.444	clothespin	130
12379.480	ProductionTrigger	131
12382.459	circle	134
12383.430	circle	135
12383.974	spaghetti	132
12384.011	ProductionTrigger	131
12387.075	web	134
12388.600	web	135
12389.140	fly	136
12389.176	ProductionTrigger	131
12392.756	nectar	134
12393.680	nectar	135
12394.221	nailpolish	136
12394.258	ProductionTrigger	131
12397.864	battery	134
12398.695	battery	135
12399.236	battery	130
12399.273	ProductionTrigger	131
12402.636	gull	134
12404.159	gull	135
12404.703	beet	132
12404.739	ProductionTrigger	131
12407.745	coffee	134
12408.717	coffee	135
12409.266	coffee	130
12409.303	ProductionTrigger	131
12412.341	honeycomb	134
12413.457	honeycomb	135
12413.997	honeycomb	130
12414.034	ProductionTrigger	131
12417.018	umbrella	134
12417.944	umbrella	135
12418.494	wallet	132
12418.531	ProductionTrigger	131
12421.889	bagel	134
12422.645	bagel	135
12423.192	boar	132
12423.228	ProductionTrigger	131
12426.443	pocket	134
12427.274	pocket	135
12427.822	pocket	130
12427.859	ProductionTrigger	131
12430.880	schoolbus	134
12432.134	schoolbus	135
12432.687	schoolbus	130
12432.723	ProductionTrigger	131
12435.992	shed	134
12436.960	shed	135
12437.502	platypus	136
12437.538	ProductionTrigger	131
12440.703	house	134
12441.739	house	135
12442.282	tortilla	136
12442.319	ProductionTrigger	131
12445.688	ninja	134
12446.615	ninja	135
12447.163	bacon	132
12447.200	ProductionTrigger	131
12451.037	whiteboard	134
12452.180	whiteboard	135
12452.730	whiteboard	130
12452.767	ProductionTrigger	131
12456.121	traffic	134
12457.046	traffic	135
12457.595	pin	132
12457.631	ProductionTrigger	131
12461.090	bathtub	134
12462.034	bathtub	135
12462.576	bathtub	130
12462.613	ProductionTrigger	131
12465.994	toddler	134
12466.874	toddler	135
12467.424	makeup	132
12467.461	ProductionTrigger	131
12470.494	dime	134
12471.243	dime	135
12471.787	funnel	136
12471.824	ProductionTrigger	131
12474.842	camel	134
12475.560	camel	135
12476.101	camel	130
12476.137	ProductionTrigger	131
12479.744	rug	134
12480.689	rug	135
12481.232	rug	130
12481.269	ProductionTrigger	131
12484.497	bar	134
12486.020	bar	135
12486.565	jumprope	136
12486.601	ProductionTrigger	131
12489.932	fan	134
12490.933	fan	135
12491.480	fan	130
12491.516	ProductionTrigger	131
12494.494	cemetery	134
12495.587	cemetery	135
12496.127	lampshade	136
12496.163	ProductionTrigger	131
12499.536	candy	134
12500.408	candy	135
12500.958	torpedo	132
12500.994	ProductionTrigger	131
12504.093	clarinet	134
12505.149	clarinet	135
12505.689	clarinet	130
12505.725	ProductionTrigger	131
12508.707	shore	134
12509.647	shore	135
12510.187	pinwheel	136
12510.223	ProductionTrigger	131
12513.308	lighthouse	134
12514.507	lighthouse	135
12515.050	lighthouse	130
12515.087	ProductionTrigger	131
12518.165	rhinoceros	134
12519.504	rhinoceros	135
12520.049	rhinoceros	130
12520.085	ProductionTrigger	131
12523.121	pitchfork	134
12524.235	pitchfork	135
12524.779	pitchfork	130
12524.816	ProductionTrigger	131
12528.190	crown	134
12529.119	crown	135
12529.661	wine	132
12529.697	ProductionTrigger	131
12532.729	rabbit	134
12533.455	rabbit	135
12534.007	pickle	136
12534.044	ProductionTrigger	131
12537.385	prism	134
12538.155	prism	135
12538.704	meat	132
12538.741	ProductionTrigger	131
12541.725	hat	134
12542.413	hat	135
12542.950	hat	130
12542.987	ProductionTrigger	131
12546.373	dinner	134
12547.087	dinner	135
12547.631	jar	136
12547.668	ProductionTrigger	131
12550.658	chart	134
12551.497	chart	135
12552.044	tambourine	136
12552.081	ProductionTrigger	131
12555.058	christmas	134
12556.092	christmas	135
12556.642	satellite	136
12556.678	ProductionTrigger	131
12559.774	cane	134
12561.297	cane	135
12561.840	can	132
12561.877	ProductionTrigger	131
12565.085	coral	134
12565.944	coral	135
12566.488	staple	132
12566.524	ProductionTrigger	131
12569.509	elephant	134
12570.398	elephant	135
12570.935	elephant	130
12570.972	ProductionTrigger	131
12574.332	jaguar	134
12575.319	jaguar	135
12575.866	cinnamon	132
12575.903	ProductionTrigger	131
12579.281	castle	134
12580.805	castle	135
12581.349	spinach	132
12581.386	ProductionTrigger	131
12584.575	stone	134
12586.098	stone	135
12586.648	rocket	132
12586.685	ProductionTrigger	131
12589.764	spatula	134
12590.879	spatula	135
12591.429	spatula	130
12591.466	ProductionTrigger	131
12594.837	bus	134
12596.360	bus	135
12596.897	truck	132
12596.934	ProductionTrigger	131
12600.186	keyboard	134
12601.158	keyboard	135
12601.695	keyboard	130
12601.731	ProductionTrigger	131
12605.086	stack	134
12606.153	stack	135
12606.693	cereal	132
12606.730	ProductionTrigger	131
12610.050	cream	134
12611.573	cream	135
12612.124	fence	136
12612.161	ProductionTrigger	131
12615.371	forest	134
12616.428	forest	135
12616.972	car	132
12617.009	ProductionTrigger	131
12620.386	classroom	134
12621.474	classroom	135
12622.021	jacket	132
12622.057	ProductionTrigger	131
12625.084	pretzel	134
12626.028	pretzel	135
12626.568	pretzel	130
12626.604	ProductionTrigger	131
12629.960	mast	134
12631.012	mast	135
12631.550	board	132
12631.587	ProductionTrigger	131
12634.595	eagle	134
12635.312	eagle	135
12635.862	eagle	130
12635.899	ProductionTrigger	131
12639.076	bell	134
12639.879	bell	135
12640.426	bell	130
12640.463	ProductionTrigger	131
12643.521	torch	134
12644.555	torch	135
12645.107	stick	132
12645.143	ProductionTrigger	131
12648.613	label	134
12649.424	label	135
12649.971	bunkbed	136
12650.008	ProductionTrigger	131
12653.385	lock	134
12654.284	lock	135
12654.836	gum	132
12654.873	ProductionTrigger	131
12657.923	bush	134
12658.856	bush	135
12659.400	treasure	136
12659.436	ProductionTrigger	131
12662.472	chimney	134
12663.302	chimney	135
12663.846	chimney	130
12663.883	ProductionTrigger	131
12666.924	vitamin	134
12667.746	vitamin	135
12668.293	parachute	136
12668.329	ProductionTrigger	131
12671.702	frosting	134
12672.639	frosting	135
12673.174	horse	132
12673.212	ProductionTrigger	131
12676.259	popcorn	134
12677.231	popcorn	135
12677.788	popcorn	130
12677.825	ProductionTrigger	131
12680.860	tub	134
12681.698	tub	135
12682.235	biscuit	136
12682.272	ProductionTrigger	131
12686.304	taco	134
12687.283	taco	135
12687.835	taco	130
12687.871	ProductionTrigger	131
12691.225	artist	134
12692.239	artist	135
12692.783	bee	132
12692.820	ProductionTrigger	131
12695.757	movies	134
12696.874	movies	135
12697.413	toothbrush	136
12697.450	ProductionTrigger	131
12700.554	pinecone	134
12701.639	pinecone	135
12702.179	pinecone	130
12702.215	ProductionTrigger	131
12705.465	computer	134
12706.436	computer	135
12706.975	shield	132
12707.012	ProductionTrigger	131
12710.058	bubble	134
12710.889	bubble	135
12711.439	bubble	130
12711.475	ProductionTrigger	131
12714.476	palace	134
12715.539	palace	135
12716.086	iceskate	136
12716.123	ProductionTrigger	131
12719.154	astronaut	134
12720.145	astronaut	135
12720.700	blueberry	136
12720.737	ProductionTrigger	131
12723.756	doorknob	134
12724.934	doorknob	135
12725.481	doorknob	130
12725.518	ProductionTrigger	131
12728.776	headband	134
12729.891	headband	135
12730.430	headband	130
12730.466	ProductionTrigger	131
12734.140	carnival	134
12735.041	carnival	135
12735.579	cabinet	136
12735.615	ProductionTrigger	131
12738.992	diploma	134
12739.953	diploma	135
12740.493	pump	132
12740.529	ProductionTrigger	131
12743.572	seahorse	134
12744.856	seahorse	135
12745.407	seahorse	130
12745.444	ProductionTrigger	131
12748.798	laundry	134
12749.767	laundry	135
12750.306	brush	132
12750.343	ProductionTrigger	131
12753.373	creek	134
12754.256	creek	135
12754.802	salami	136
12754.839	ProductionTrigger	131
12757.874	dolphin	134
12758.789	dolphin	135
12759.332	dolphin	130
12759.369	ProductionTrigger	131
12762.731	chair	134
12764.255	chair	135
12764.799	cat	132
12764.835	ProductionTrigger	131
12767.879	pastry	134
12768.832	pastry	135
12769.379	cage	136
12769.416	ProductionTrigger	131
12772.916	poison	134
12773.787	poison	135
12774.327	antenna	136
12774.364	ProductionTrigger	131
12777.416	cactus	134
12778.615	cactus	135
12779.158	cactus	130
12779.195	ProductionTrigger	131
12782.544	pizza	134
12783.432	pizza	135
12783.973	melon	132
12784.010	ProductionTrigger	131
12787.310	wheat	134
12788.212	wheat	135
12788.754	corkscrew	136
12788.791	ProductionTrigger	131
12792.143	pit	134
12792.938	pit	135
12793.485	lime	132
12793.521	ProductionTrigger	131
12796.503	needle	134
12797.304	needle	135
12797.848	needle	130
12797.884	ProductionTrigger	131
12800.851	pillow	134
12801.596	pillow	135
12802.144	pillow	130
12802.181	ProductionTrigger	131
12805.215	collar	134
12805.988	collar	135
12806.526	collar	130
12806.562	ProductionTrigger	131
12810.105	monk	134
12810.986	monk	135
12811.539	envelope	136
12811.576	ProductionTrigger	131
12815.182	cliff	134
12815.893	cliff	135
12816.437	canoe	132
12816.473	ProductionTrigger	131
12819.848	clamp	134
12820.835	clamp	135
12821.385	weed	132
12821.422	ProductionTrigger	131
12824.592	box	134
12826.115	box	135
12826.651	turtle	136
12826.688	ProductionTrigger	131
12829.627	comet	134
12830.565	comet	135
12831.114	candycane	136
12831.151	ProductionTrigger	131
12834.512	bacteria	134
12835.608	bacteria	135
12836.163	toy	132
12836.199	ProductionTrigger	131
12839.559	tail	134
12841.082	tail	135
12841.629	pot	132
12841.666	ProductionTrigger	131
12844.864	mall	134
12845.693	mall	135
12846.243	bib	136
12846.280	ProductionTrigger	131
12849.989	icecube	134
12851.075	icecube	135
12851.626	icecube	130
12851.662	ProductionTrigger	131
12855.014	karate	134
12855.880	karate	135
12856.423	berry	132
12856.460	ProductionTrigger	131
12859.455	seatbelt	134
12860.428	seatbelt	135
12860.970	seatbelt	130
12861.007	ProductionTrigger	131
12864.041	patient	134
12865.028	patient	135
12865.584	streetlight	136
12865.621	ProductionTrigger	131
12868.618	bud	134
12869.449	bud	135
12869.997	kangaroo	136
12870.034	ProductionTrigger	131
12873.063	lava	134
12874.204	lava	135
12874.745	lava	130
12874.782	ProductionTrigger	131
12877.728	road	134
12878.687	road	135
12879.225	zucchini	132
12879.262	ProductionTrigger	131
12882.643	highway	134
12883.541	highway	135
12884.090	coal	132
12884.126	ProductionTrigger	131
12887.500	ski	134
12888.411	ski	135
12888.954	watch	136
12888.991	ProductionTrigger	131
12892.159	polish	134
12893.682	polish	135
12894.220	spacesuit	136
12894.257	ProductionTrigger	131
12897.646	track	134
12898.560	track	135
12899.101	ball	132
12899.138	ProductionTrigger	131
12902.134	print	134
12903.657	print	135
12904.200	flute	136
12904.237	ProductionTrigger	131
12907.620	bow	134
12909.143	bow	135
12909.683	suit	132
12909.720	ProductionTrigger	131
12912.747	blizzard	134
12913.680	blizzard	135
12914.230	seagull	136
12914.267	ProductionTrigger	131
12917.298	sailboat	134
12918.355	sailboat	135
12918.894	sailboat	130
12918.931	ProductionTrigger	131
12921.948	gym	134
12922.801	gym	135
12923.341	yogurt	136
12923.377	ProductionTrigger	131
12926.516	kids	134
12927.592	kids	135
12928.138	candle	136
12928.175	ProductionTrigger	131
12931.280	energy	134
12932.154	energy	135
12932.702	fishbowl	136
12932.739	ProductionTrigger	131
12935.789	pool	134
12936.662	pool	135
12937.199	whistle	136
12937.235	ProductionTrigger	131
12940.268	perfume	134
12941.326	perfume	135
12941.879	perfume	130
12941.916	ProductionTrigger	131
12944.907	picnic	134
12945.837	picnic	135
12946.377	hole	132
12946.413	ProductionTrigger	131
12949.749	pigeon	134
12950.563	pigeon	135
12951.107	knob	132
12951.144	ProductionTrigger	131
12954.152	fall	134
12955.677	fall	135
12956.222	mosquito	136
12956.259	ProductionTrigger	131
12959.395	velcro	134
12960.394	velcro	135
12960.937	velcro	130
12960.973	ProductionTrigger	131
12963.975	skull	134
12964.891	skull	135
12965.433	skull	130
12965.470	ProductionTrigger	131
